=== 任务分配问题求解器 ===

问题规模：2 名组员，3 种任务
任务需求：
任务 1：需要 2 个工作单位
任务 2：需要 2 个工作单位
任务 3：需要 2 个工作单位
总工作量：6 个工作单位

组员能力矩阵：
     任务 1 任务 2 任务 3 
组员 1:    1    1    0 
组员 2:    0    0    1 

组员愤怒值函数：
组员 1 的愤怒值函数（1 个分段点）：
  分段点：0 2 ∞
  各段单位愤怒值：1 (工作量1-2) 10 (工作量3+) 

组员 2 的愤怒值函数（1 个分段点）：
  分段点：0 2 ∞
  各段单位愤怒值：1 (工作量1-2) 6 (工作量3+) 

开始求解最小费用最大流...
第 1 次增广路径搜索...
本次增广流量：4
第 2 次增广路径搜索...
本次增广流量：2
求解完成，共进行 2 次增广。

=== 求解结果 ===
组员的最小愤怒值总和：24

详细任务分配：
任务 1 → 组员 1 : 2 单位
任务 2 → 组员 1 : 2 单位
任务 3 → 组员 2 : 2 单位

各组员工作量统计：
组员 1：分配工作量 4 单位
组员 2：分配工作量 2 单位

工作量验证：
总需求工作量：6
实际分配工作量：6
✓ 所有任务都已完成分配
