=== 任务分配问题求解器 ===

问题规模：4 名组员，5 种任务
任务需求：
任务 1：需要 3 个工作单位
任务 2：需要 2 个工作单位
任务 3：需要 4 个工作单位
任务 4：需要 1 个工作单位
任务 5：需要 2 个工作单位
总工作量：12 个工作单位

组员能力矩阵：
     任务 1 任务 2 任务 3 任务 4 任务 5 
组员 1:    1    1    0    0    1 
组员 2:    0    1    1    1    0 
组员 3:    1    0    1    0    1 
组员 4:    1    1    1    0    0 

组员愤怒值函数：
组员 1 的愤怒值函数（2 个分段点）：
  分段点：0 1 3 ∞
  各段单位愤怒值：1 (工作量1-1) 5 (工作量2-3) 10 (工作量4+) 

组员 2 的愤怒值函数（1 个分段点）：
  分段点：0 2 ∞
  各段单位愤怒值：2 (工作量1-2) 20 (工作量3+) 

组员 3 的愤怒值函数（0 个分段点）：
  分段点：0 ∞
  各段单位愤怒值：5 (工作量1+) 

组员 4 的愤怒值函数（3 个分段点）：
  分段点：0 1 2 3 ∞
  各段单位愤怒值：1 (工作量1-1) 2 (工作量2-2) 4 (工作量3-3) 8 (工作量4+) 

开始求解最小费用最大流...
第 1 次增广路径搜索...
本次增广流量：2
第 2 次增广路径搜索...
本次增广流量：3
第 3 次增广路径搜索...
本次增广流量：1
第 4 次增广路径搜索...
本次增广流量：6
求解完成，共进行 4 次增广。

=== 求解结果 ===
组员的最小愤怒值总和：42

详细任务分配：
任务 1 → 组员 4 : 3 单位
任务 2 → 组员 2 : 1 单位
任务 2 → 组员 1 : 1 单位
任务 3 → 组员 3 : 4 单位
任务 4 → 组员 2 : 1 单位
任务 5 → 组员 3 : 1 单位
任务 5 → 组员 1 : 1 单位

各组员工作量统计：
组员 1：分配工作量 2 单位
组员 2：分配工作量 2 单位
组员 3：分配工作量 5 单位
组员 4：分配工作量 3 单位

工作量验证：
总需求工作量：12
实际分配工作量：12
✓ 所有任务都已完成分配
