=== 任务分配问题求解器 ===

问题规模：20 名组员，20 种任务
任务需求：
任务 1：需要 3 个工作单位
任务 2：需要 2 个工作单位
任务 3：需要 5 个工作单位
任务 4：需要 4 个工作单位
任务 5：需要 6 个工作单位
任务 6：需要 1 个工作单位
任务 7：需要 3 个工作单位
任务 8：需要 2 个工作单位
任务 9：需要 5 个工作单位
任务 10：需要 4 个工作单位
任务 11：需要 6 个工作单位
任务 12：需要 1 个工作单位
任务 13：需要 3 个工作单位
任务 14：需要 2 个工作单位
任务 15：需要 5 个工作单位
任务 16：需要 4 个工作单位
任务 17：需要 6 个工作单位
任务 18：需要 1 个工作单位
任务 19：需要 3 个工作单位
任务 20：需要 2 个工作单位
总工作量：68 个工作单位

组员能力矩阵：
     任务 1 任务 2 任务 3 任务 4 任务 5 任务 6 任务 7 任务 8 任务 9 任务10 任务11 任务12 任务13 任务14 任务15 任务16 任务17 任务18 任务19 任务20 
组员 1:    1    0    1    0    1    0    1    0    1    0    1    0    1    0    1    0    1    0    1    0 
组员 2:    0    1    0    1    0    1    0    1    0    1    0    1    0    1    0    1    0    1    0    1 
组员 3:    1    1    0    0    1    1    0    0    1    1    0    0    1    1    0    0    1    1    0    0 
组员 4:    0    0    1    1    0    0    1    1    0    0    1    1    0    0    1    1    0    0    1    1 
组员 5:    1    0    0    1    1    0    0    1    1    0    0    1    1    0    0    1    1    0    0    1 
组员 6:    0    1    1    0    0    1    1    0    0    1    1    0    0    1    1    0    0    1    1    0 
组员 7:    1    0    1    0    1    0    1    0    1    0    1    0    1    0    1    0    1    0    1    0 
组员 8:    0    1    0    1    0    1    0    1    0    1    0    1    0    1    0    1    0    1    0    1 
组员 9:    1    1    1    1    0    0    0    0    1    1    1    1    0    0    0    0    1    1    1    1 
组员10:    0    0    0    0    1    1    1    1    0    0    0    0    1    1    1    1    0    0    0    0 
组员11:    1    1    0    0    1    1    0    0    1    1    0    0    1    1    0    0    1    1    0    0 
组员12:    0    0    1    1    0    0    1    1    0    0    1    1    0    0    1    1    0    0    1    1 
组员13:    1    0    0    1    0    0    1    0    0    1    0    0    1    0    0    1    0    0    1    0 
组员14:    0    1    1    0    1    1    0    1    1    0    1    0    1    1    0    1    1    0    1    1 
组员15:    1    1    1    0    0    0    1    1    1    0    0    0    1    1    1    0    0    0    1    1 
组员16:    0    0    0    1    1    1    0    0    0    1    1    1    0    0    0    1    1    1    0    0 
组员17:    1    0    1    1    0    1    1    0    1    0    1    1    0    1    1    0    1    0    1    1 
组员18:    0    1    0    0    1    0    0    1    0    1    0    0    1    0    0    1    0    1    0    0 
组员19:    1    0    0    1    1    1    1    0    0    1    1    1    1    0    0    1    1    1    1    0 
组员20:    0    1    1    0    0    0    0    1    1    0    0    0    0    1    1    0    0    0    0    1 

组员愤怒值函数：
组员 1 的愤怒值函数（3 个分段点）：
  分段点：0 2 5 15 ∞
  各段单位愤怒值：1 (工作量1-2) 2 (工作量3-5) 5 (工作量6-15) 10 (工作量16+) 

组员 2 的愤怒值函数（0 个分段点）：
  分段点：0 ∞
  各段单位愤怒值：3 (工作量1+) 

组员 3 的愤怒值函数（1 个分段点）：
  分段点：0 10 ∞
  各段单位愤怒值：1 (工作量1-10) 4 (工作量11+) 

组员 4 的愤怒值函数（2 个分段点）：
  分段点：0 5 20 ∞
  各段单位愤怒值：2 (工作量1-5) 3 (工作量6-20) 7 (工作量21+) 

组员 5 的愤怒值函数（4 个分段点）：
  分段点：0 3 8 16 30 ∞
  各段单位愤怒值：1 (工作量1-3) 2 (工作量4-8) 4 (工作量9-16) 8 (工作量17-30) 16 (工作量31+) 

组员 6 的愤怒值函数（0 个分段点）：
  分段点：0 ∞
  各段单位愤怒值：5 (工作量1+) 

组员 7 的愤怒值函数（2 个分段点）：
  分段点：0 7 25 ∞
  各段单位愤怒值：2 (工作量1-7) 6 (工作量8-25) 12 (工作量26+) 

组员 8 的愤怒值函数（3 个分段点）：
  分段点：0 5 15 30 ∞
  各段单位愤怒值：1 (工作量1-5) 3 (工作量6-15) 6 (工作量16-30) 12 (工作量31+) 

组员 9 的愤怒值函数（1 个分段点）：
  分段点：0 20 ∞
  各段单位愤怒值：2 (工作量1-20) 5 (工作量21+) 

组员 10 的愤怒值函数（2 个分段点）：
  分段点：0 10 40 ∞
  各段单位愤怒值：1 (工作量1-10) 2 (工作量11-40) 5 (工作量41+) 

组员 11 的愤怒值函数（5 个分段点）：
  分段点：0 5 10 20 30 40 ∞
  各段单位愤怒值：1 (工作量1-5) 2 (工作量6-10) 3 (工作量11-20) 5 (工作量21-30) 8 (工作量31-40) 13 (工作量41+) 

组员 12 的愤怒值函数（0 个分段点）：
  分段点：0 ∞
  各段单位愤怒值：4 (工作量1+) 

组员 13 的愤怒值函数（1 个分段点）：
  分段点：0 15 ∞
  各段单位愤怒值：3 (工作量1-15) 6 (工作量16+) 

组员 14 的愤怒值函数（2 个分段点）：
  分段点：0 8 25 ∞
  各段单位愤怒值：2 (工作量1-8) 4 (工作量9-25) 8 (工作量26+) 

组员 15 的愤怒值函数（3 个分段点）：
  分段点：0 5 12 25 ∞
  各段单位愤怒值：1 (工作量1-5) 3 (工作量6-12) 7 (工作量13-25) 15 (工作量26+) 

组员 16 的愤怒值函数（0 个分段点）：
  分段点：0 ∞
  各段单位愤怒值：2 (工作量1+) 

组员 17 的愤怒值函数（1 个分段点）：
  分段点：0 30 ∞
  各段单位愤怒值：5 (工作量1-30) 10 (工作量31+) 

组员 18 的愤怒值函数（2 个分段点）：
  分段点：0 10 35 ∞
  各段单位愤怒值：2 (工作量1-10) 5 (工作量11-35) 9 (工作量36+) 

组员 19 的愤怒值函数（4 个分段点）：
  分段点：0 4 10 20 50 ∞
  各段单位愤怒值：1 (工作量1-4) 2 (工作量5-10) 4 (工作量11-20) 8 (工作量21-50) 16 (工作量51+) 

组员 20 的愤怒值函数（3 个分段点）：
  分段点：0 6 18 36 ∞
  各段单位愤怒值：2 (工作量1-6) 4 (工作量7-18) 8 (工作量19-36) 16 (工作量37+) 

开始求解最小费用最大流...
第 1 次增广路径搜索...
本次增广流量：44
第 2 次增广路径搜索...
本次增广流量：24
求解完成，共进行 2 次增广。

=== 求解结果 ===
组员的最小愤怒值总和：92

详细任务分配：
任务 1 → 组员 19 : 3 单位
任务 2 → 组员 20 : 2 单位
任务 3 → 组员 20 : 4 单位
任务 3 → 组员 15 : 1 单位
任务 4 → 组员 19 : 4 单位
任务 5 → 组员 19 : 2 单位
任务 5 → 组员 10 : 2 单位
任务 5 → 组员 3 : 2 单位
任务 6 → 组员 8 : 1 单位
任务 7 → 组员 15 : 3 单位
任务 8 → 组员 18 : 2 单位
任务 9 → 组员 11 : 2 单位
任务 9 → 组员 5 : 1 单位
任务 9 → 组员 3 : 2 单位
任务 10 → 组员 8 : 1 单位
任务 10 → 组员 3 : 3 单位
任务 11 → 组员 19 : 1 单位
任务 11 → 组员 16 : 5 单位
任务 12 → 组员 8 : 1 单位
任务 13 → 组员 11 : 3 单位
任务 14 → 组员 8 : 2 单位
任务 15 → 组员 10 : 5 单位
任务 16 → 组员 18 : 1 单位
任务 16 → 组员 10 : 3 单位
任务 17 → 组员 16 : 4 单位
任务 17 → 组员 3 : 2 单位
任务 18 → 组员 3 : 1 单位
任务 19 → 组员 15 : 1 单位
任务 19 → 组员 1 : 2 单位
任务 20 → 组员 5 : 2 单位

各组员工作量统计：
组员 1：分配工作量 2 单位
组员 2：分配工作量 0 单位
组员 3：分配工作量 10 单位
组员 4：分配工作量 0 单位
组员 5：分配工作量 3 单位
组员 6：分配工作量 0 单位
组员 7：分配工作量 0 单位
组员 8：分配工作量 5 单位
组员 9：分配工作量 0 单位
组员 10：分配工作量 10 单位
组员 11：分配工作量 5 单位
组员 12：分配工作量 0 单位
组员 13：分配工作量 0 单位
组员 14：分配工作量 0 单位
组员 15：分配工作量 5 单位
组员 16：分配工作量 9 单位
组员 17：分配工作量 0 单位
组员 18：分配工作量 3 单位
组员 19：分配工作量 10 单位
组员 20：分配工作量 6 单位

工作量验证：
总需求工作量：68
实际分配工作量：68
✓ 所有任务都已完成分配
