=== 时序任务调度问题求解器 ===

测试用例数: 2

--- 测试用例 1 ---
任务数: 2, 组员数: 2
任务信息:
  任务1: 工作量p=13, 发布时间x=0, 截止时间y=4
  任务2: 工作量p=10, 发布时间x=1, 截止时间y=3
总工作量sum: 23
组员速度:
  组员1: 速度v[1]=4
  组员2: 速度v[2]=2
初始二分范围: [0.000000, 6.000000]
速度排序前: 4 2 
速度排序后(降序): 4 2 
差分处理:
  v[1]: 4 → 2 (差分后)
  v[2]: 2 (保持不变)
开始二分搜索:
我们可以最多增长单位时间0.5000

--- 测试用例 2 ---
任务数: 1, 组员数: 1
任务信息:
  任务1: 工作量p=1, 发布时间x=0, 截止时间y=2
总工作量sum: 1
组员速度:
  组员1: 速度v[1]=1
初始二分范围: [0.000000, 2.000000]
速度排序前: 1 
速度排序后(降序): 1 
差分处理:
  v[1]: 1 (保持不变)
开始二分搜索:
我们可以最多增长单位时间0.0000
