请输入子任务数量和组员数量：
请输入每个子任务在各组员处的处理时间：
子任务1在各组员处的处理时间：子任务2在各组员处的处理时间：子任务3在各组员处的处理时间：子任务4在各组员处的处理时间：子任务5在各组员处的处理时间：子任务6在各组员处的处理时间：子任务7在各组员处的处理时间：子任务8在各组员处的处理时间：子任务9在各组员处的处理时间：子任务10在各组员处的处理时间：子任务11在各组员处的处理时间：子任务12在各组员处的处理时间：子任务13在各组员处的处理时间：子任务14在各组员处的处理时间：子任务15在各组员处的处理时间：子任务16在各组员处的处理时间：子任务17在各组员处的处理时间：子任务18在各组员处的处理时间：子任务19在各组员处的处理时间：子任务20在各组员处的处理时间：
正在计算最优分配方案...

=================== 最优分配结果 ===================
最小平均完成时间：49.00
总完成时间：980
子任务总数：20

各组员的任务分配详情：
组员1的任务执行顺序：子任务6(第1个) 子任务16(第2个) 子任务13(第3个) 子任务15(第4个) 子任务8(第5个) 
组员2的任务执行顺序：子任务7(第1个) 子任务18(第2个) 子任务4(第3个) 
组员3的任务执行顺序：子任务9(第1个) 子任务10(第2个) 子任务19(第3个) 子任务1(第4个) 
组员4的任务执行顺序：子任务17(第1个) 子任务12(第2个) 子任务3(第3个) 子任务5(第4个) 
组员5的任务执行顺序：子任务20(第1个) 子任务2(第2个) 子任务14(第3个) 子任务11(第4个) 

各子任务的分配情况：
子任务1 -> 分配给组员3 (执行顺序第4个)
子任务2 -> 分配给组员5 (执行顺序第2个)
子任务3 -> 分配给组员4 (执行顺序第3个)
子任务4 -> 分配给组员2 (执行顺序第3个)
子任务5 -> 分配给组员4 (执行顺序第4个)
子任务6 -> 分配给组员1 (执行顺序第1个)
子任务7 -> 分配给组员2 (执行顺序第1个)
子任务8 -> 分配给组员1 (执行顺序第5个)
子任务9 -> 分配给组员3 (执行顺序第1个)
子任务10 -> 分配给组员3 (执行顺序第2个)
子任务11 -> 分配给组员5 (执行顺序第4个)
子任务12 -> 分配给组员4 (执行顺序第2个)
子任务13 -> 分配给组员1 (执行顺序第3个)
子任务14 -> 分配给组员5 (执行顺序第3个)
子任务15 -> 分配给组员1 (执行顺序第4个)
子任务16 -> 分配给组员1 (执行顺序第2个)
子任务17 -> 分配给组员4 (执行顺序第1个)
子任务18 -> 分配给组员2 (执行顺序第2个)
子任务19 -> 分配给组员3 (执行顺序第3个)
子任务20 -> 分配给组员5 (执行顺序第1个)
==================================================
