请输入子任务数量和组员数量：
请输入每个子任务在各组员处的处理时间：
子任务1在各组员处的处理时间：子任务2在各组员处的处理时间：子任务3在各组员处的处理时间：子任务4在各组员处的处理时间：子任务5在各组员处的处理时间：子任务6在各组员处的处理时间：子任务7在各组员处的处理时间：子任务8在各组员处的处理时间：子任务9在各组员处的处理时间：子任务10在各组员处的处理时间：子任务11在各组员处的处理时间：子任务12在各组员处的处理时间：子任务13在各组员处的处理时间：子任务14在各组员处的处理时间：子任务15在各组员处的处理时间：子任务16在各组员处的处理时间：子任务17在各组员处的处理时间：子任务18在各组员处的处理时间：子任务19在各组员处的处理时间：子任务20在各组员处的处理时间：子任务21在各组员处的处理时间：子任务22在各组员处的处理时间：子任务23在各组员处的处理时间：子任务24在各组员处的处理时间：子任务25在各组员处的处理时间：子任务26在各组员处的处理时间：子任务27在各组员处的处理时间：子任务28在各组员处的处理时间：子任务29在各组员处的处理时间：子任务30在各组员处的处理时间：子任务31在各组员处的处理时间：子任务32在各组员处的处理时间：子任务33在各组员处的处理时间：子任务34在各组员处的处理时间：子任务35在各组员处的处理时间：子任务36在各组员处的处理时间：子任务37在各组员处的处理时间：子任务38在各组员处的处理时间：子任务39在各组员处的处理时间：子任务40在各组员处的处理时间：子任务41在各组员处的处理时间：子任务42在各组员处的处理时间：子任务43在各组员处的处理时间：子任务44在各组员处的处理时间：子任务45在各组员处的处理时间：子任务46在各组员处的处理时间：子任务47在各组员处的处理时间：子任务48在各组员处的处理时间：子任务49在各组员处的处理时间：子任务50在各组员处的处理时间：子任务51在各组员处的处理时间：子任务52在各组员处的处理时间：子任务53在各组员处的处理时间：子任务54在各组员处的处理时间：子任务55在各组员处的处理时间：子任务56在各组员处的处理时间：子任务57在各组员处的处理时间：子任务58在各组员处的处理时间：子任务59在各组员处的处理时间：子任务60在各组员处的处理时间：
正在计算最优分配方案...

=================== 最优分配结果 ===================
最小平均完成时间：251.37
总完成时间：15082
子任务总数：60

各组员的任务分配详情：
组员1的任务执行顺序：子任务40(第1个) 子任务43(第2个) 子任务45(第3个) 子任务51(第4个) 子任务2(第5个) 子任务9(第6个) 
组员2的任务执行顺序：子任务32(第1个) 子任务10(第2个) 子任务5(第3个) 子任务36(第4个) 子任务11(第5个) 
组员3的任务执行顺序：子任务33(第1个) 子任务6(第2个) 子任务57(第3个) 子任务54(第4个) 子任务19(第5个) 
组员4的任务执行顺序：子任务24(第1个) 子任务12(第2个) 子任务39(第3个) 子任务27(第4个) 子任务18(第5个) 子任务58(第6个) 
组员5的任务执行顺序：子任务22(第1个) 子任务48(第2个) 子任务30(第3个) 子任务28(第4个) 子任务37(第5个) 子任务34(第6个) 子任务20(第7个) 
组员6的任务执行顺序：子任务38(第1个) 子任务55(第2个) 子任务29(第3个) 子任务15(第4个) 子任务4(第5个) 子任务25(第6个) 子任务44(第7个) 子任务56(第8个) 
组员7的任务执行顺序：子任务1(第1个) 子任务21(第2个) 子任务13(第3个) 子任务16(第4个) 子任务14(第5个) 
组员8的任务执行顺序：子任务35(第1个) 子任务60(第2个) 子任务7(第3个) 子任务49(第4个) 子任务3(第5个) 子任务17(第6个) 子任务50(第7个) 子任务47(第8个) 子任务53(第9个) 
组员9的任务执行顺序：子任务42(第1个) 子任务52(第2个) 子任务41(第3个) 子任务59(第4个) 子任务31(第5个) 子任务23(第6个) 子任务46(第7个) 子任务26(第8个) 子任务8(第9个) 

各子任务的分配情况：
子任务1 -> 分配给组员7 (执行顺序第1个)
子任务2 -> 分配给组员1 (执行顺序第5个)
子任务3 -> 分配给组员8 (执行顺序第5个)
子任务4 -> 分配给组员6 (执行顺序第5个)
子任务5 -> 分配给组员2 (执行顺序第3个)
子任务6 -> 分配给组员3 (执行顺序第2个)
子任务7 -> 分配给组员8 (执行顺序第3个)
子任务8 -> 分配给组员9 (执行顺序第9个)
子任务9 -> 分配给组员1 (执行顺序第6个)
子任务10 -> 分配给组员2 (执行顺序第2个)
子任务11 -> 分配给组员2 (执行顺序第5个)
子任务12 -> 分配给组员4 (执行顺序第2个)
子任务13 -> 分配给组员7 (执行顺序第3个)
子任务14 -> 分配给组员7 (执行顺序第5个)
子任务15 -> 分配给组员6 (执行顺序第4个)
子任务16 -> 分配给组员7 (执行顺序第4个)
子任务17 -> 分配给组员8 (执行顺序第6个)
子任务18 -> 分配给组员4 (执行顺序第5个)
子任务19 -> 分配给组员3 (执行顺序第5个)
子任务20 -> 分配给组员5 (执行顺序第7个)
子任务21 -> 分配给组员7 (执行顺序第2个)
子任务22 -> 分配给组员5 (执行顺序第1个)
子任务23 -> 分配给组员9 (执行顺序第6个)
子任务24 -> 分配给组员4 (执行顺序第1个)
子任务25 -> 分配给组员6 (执行顺序第6个)
子任务26 -> 分配给组员9 (执行顺序第8个)
子任务27 -> 分配给组员4 (执行顺序第4个)
子任务28 -> 分配给组员5 (执行顺序第4个)
子任务29 -> 分配给组员6 (执行顺序第3个)
子任务30 -> 分配给组员5 (执行顺序第3个)
子任务31 -> 分配给组员9 (执行顺序第5个)
子任务32 -> 分配给组员2 (执行顺序第1个)
子任务33 -> 分配给组员3 (执行顺序第1个)
子任务34 -> 分配给组员5 (执行顺序第6个)
子任务35 -> 分配给组员8 (执行顺序第1个)
子任务36 -> 分配给组员2 (执行顺序第4个)
子任务37 -> 分配给组员5 (执行顺序第5个)
子任务38 -> 分配给组员6 (执行顺序第1个)
子任务39 -> 分配给组员4 (执行顺序第3个)
子任务40 -> 分配给组员1 (执行顺序第1个)
子任务41 -> 分配给组员9 (执行顺序第3个)
子任务42 -> 分配给组员9 (执行顺序第1个)
子任务43 -> 分配给组员1 (执行顺序第2个)
子任务44 -> 分配给组员6 (执行顺序第7个)
子任务45 -> 分配给组员1 (执行顺序第3个)
子任务46 -> 分配给组员9 (执行顺序第7个)
子任务47 -> 分配给组员8 (执行顺序第8个)
子任务48 -> 分配给组员5 (执行顺序第2个)
子任务49 -> 分配给组员8 (执行顺序第4个)
子任务50 -> 分配给组员8 (执行顺序第7个)
子任务51 -> 分配给组员1 (执行顺序第4个)
子任务52 -> 分配给组员9 (执行顺序第2个)
子任务53 -> 分配给组员8 (执行顺序第9个)
子任务54 -> 分配给组员3 (执行顺序第4个)
子任务55 -> 分配给组员6 (执行顺序第2个)
子任务56 -> 分配给组员6 (执行顺序第8个)
子任务57 -> 分配给组员3 (执行顺序第3个)
子任务58 -> 分配给组员4 (执行顺序第6个)
子任务59 -> 分配给组员9 (执行顺序第4个)
子任务60 -> 分配给组员8 (执行顺序第2个)
==================================================
